<?xml version="1.0" encoding="UTF-8"?>
<testsuite xmlns:xsi="http://www.w3.org/2001/XMLSchema-instance" xsi:noNamespaceSchemaLocation="https://maven.apache.org/surefire/maven-surefire-plugin/xsd/surefire-test-report.xsd" name="com.example.CalculoIMCTest" time="0.013" tests="21" errors="0" skipped="0" failures="0">
  <properties>
[...]
</properties>
  <testcase name="ERRO_nan" classname="com.example.CalculoIMCTest" time="0.001"/>
  <testcase name="deveCalcularIMCCorretamente" classname="com.example.CalculoIMCTest" time="0"/>
  <testcase name="ERRO_alturaMuitoPequena" classname="com.example.CalculoIMCTest" time="0"/>
  <testcase name="ERRO_alturaZero" classname="com.example.CalculoIMCTest" time="0"/>
  <testcase name="imcEntre16e17DeveSerMagrezaModerada" classname="com.example.CalculoIMCTest" time="0"/>
  <testcase name="imcIgual30DeveSerObesidadeGrauI" classname="com.example.CalculoIMCTest" time="0"/>
  <testcase name="imcEntre25e30DeveSerSobrepeso" classname="com.example.CalculoIMCTest" time="0"/>
  <testcase name="imcEntre18_5e25DeveSerSaudavel" classname="com.example.CalculoIMCTest" time="0"/>
  <testcase name="imcIgual17DeveSerMagrezaLeve" classname="com.example.CalculoIMCTest" time="0"/>
  <testcase name="ERRO_infinito" classname="com.example.CalculoIMCTest" time="0"/>
  <testcase name="imcIgual25DeveSerSobrepeso" classname="com.example.CalculoIMCTest" time="0"/>
  <testcase name="imcIgual35DeveSerObesidadeGrauII" classname="com.example.CalculoIMCTest" time="0"/>
  <testcase name="imcEntre17e18_5DeveSerMagrezaLeve" classname="com.example.CalculoIMCTest" time="0"/>
  <testcase name="imcEntre30e35DeveSerObesidadeGrauI" classname="com.example.CalculoIMCTest" time="0"/>
  <testcase name="imcIgual16DeveSerMagrezaModerada" classname="com.example.CalculoIMCTest" time="0"/>
  <testcase name="ERRO_alturaNegativa" classname="com.example.CalculoIMCTest" time="0"/>
  <testcase name="imcAbaixoDe16DeveSerMagrezaGrave" classname="com.example.CalculoIMCTest" time="0"/>
  <testcase name="imcIgual40OuMaisDeveSerObesidadeGrauIII" classname="com.example.CalculoIMCTest" time="0"/>
  <testcase name="imcIgual18_5DeveSerSaudavel" classname="com.example.CalculoIMCTest" time="0"/>
  <testcase name="imcEntre35e40DeveSerObesidadeGrauII" classname="com.example.CalculoIMCTest" time="0.001"/>
  <testcase name="ERRO_pesoNegativo" classname="com.example.CalculoIMCTest" time="0"/>
</testsuite>