<?xml version="1.0" encoding="UTF-8"?>
<testsuite xmlns:xsi="http://www.w3.org/2001/XMLSchema-instance" xsi:noNamespaceSchemaLocation="https://maven.apache.org/surefire/maven-surefire-plugin/xsd/surefire-test-report-3.0.xsd" version="3.0" name="com.example.ViaCepTest" time="4.607" tests="10" errors="0" skipped="0" failures="1">
  <properties>
    <property name="java.specification.version" value="21"/>
    <property name="sun.jnu.encoding" value="UTF-8"/>
    <property name="java.class.path" value="/home/intra/Documents/Trabalhos/Engenharia de Testes de Software/AT/EX3/demo/target/test-classes:/home/intra/Documents/Trabalhos/Engenharia de Testes de Software/AT/EX3/demo/target/classes:/home/intra/.m2/repository/org/junit/jupiter/junit-jupiter/5.10.1/junit-jupiter-5.10.1.jar:/home/intra/.m2/repository/org/junit/jupiter/junit-jupiter-api/5.10.1/junit-jupiter-api-5.10.1.jar:/home/intra/.m2/repository/org/opentest4j/opentest4j/1.3.0/opentest4j-1.3.0.jar:/home/intra/.m2/repository/org/junit/platform/junit-platform-commons/1.10.1/junit-platform-commons-1.10.1.jar:/home/intra/.m2/repository/org/junit/jupiter/junit-jupiter-params/5.10.1/junit-jupiter-params-5.10.1.jar:/home/intra/.m2/repository/org/junit/jupiter/junit-jupiter-engine/5.10.1/junit-jupiter-engine-5.10.1.jar:/home/intra/.m2/repository/org/junit/platform/junit-platform-engine/1.10.1/junit-platform-engine-1.10.1.jar:/home/intra/.m2/repository/net/jqwik/jqwik/1.8.4/jqwik-1.8.4.jar:/home/intra/.m2/repository/org/apiguardian/apiguardian-api/1.1.2/apiguardian-api-1.1.2.jar:/home/intra/.m2/repository/net/jqwik/jqwik-api/1.8.4/jqwik-api-1.8.4.jar:/home/intra/.m2/repository/net/jqwik/jqwik-web/1.8.4/jqwik-web-1.8.4.jar:/home/intra/.m2/repository/net/jqwik/jqwik-time/1.8.4/jqwik-time-1.8.4.jar:/home/intra/.m2/repository/net/jqwik/jqwik-engine/1.8.4/jqwik-engine-1.8.4.jar:/home/intra/.m2/repository/io/rest-assured/rest-assured/5.4.0/rest-assured-5.4.0.jar:/home/intra/.m2/repository/org/apache/groovy/groovy/4.0.16/groovy-4.0.16.jar:/home/intra/.m2/repository/org/apache/groovy/groovy-xml/4.0.16/groovy-xml-4.0.16.jar:/home/intra/.m2/repository/org/apache/httpcomponents/httpclient/4.5.13/httpclient-4.5.13.jar:/home/intra/.m2/repository/org/apache/httpcomponents/httpcore/4.4.13/httpcore-4.4.13.jar:/home/intra/.m2/repository/commons-logging/commons-logging/1.2/commons-logging-1.2.jar:/home/intra/.m2/repository/commons-codec/commons-codec/1.11/commons-codec-1.11.jar:/home/intra/.m2/repository/org/apache/httpcomponents/httpmime/4.5.13/httpmime-4.5.13.jar:/home/intra/.m2/repository/org/ccil/cowan/tagsoup/tagsoup/1.2.1/tagsoup-1.2.1.jar:/home/intra/.m2/repository/io/rest-assured/json-path/5.4.0/json-path-5.4.0.jar:/home/intra/.m2/repository/org/apache/groovy/groovy-json/4.0.16/groovy-json-4.0.16.jar:/home/intra/.m2/repository/io/rest-assured/rest-assured-common/5.4.0/rest-assured-common-5.4.0.jar:/home/intra/.m2/repository/io/rest-assured/xml-path/5.4.0/xml-path-5.4.0.jar:/home/intra/.m2/repository/org/apache/commons/commons-lang3/3.11/commons-lang3-3.11.jar:/home/intra/.m2/repository/org/hamcrest/hamcrest/2.2/hamcrest-2.2.jar:"/>
    <property name="java.vm.vendor" value="Arch Linux"/>
    <property name="sun.arch.data.model" value="64"/>
    <property name="java.vendor.url" value="https://openjdk.org/"/>
    <property name="user.timezone" value="America/Sao_Paulo"/>
    <property name="os.name" value="Linux"/>
    <property name="java.vm.specification.version" value="21"/>
    <property name="sun.java.launcher" value="SUN_STANDARD"/>
    <property name="user.country" value="US"/>
    <property name="sun.boot.library.path" value="/usr/lib/jvm/java-21-openjdk/lib"/>
    <property name="sun.java.command" value="/home/intra/Documents/Trabalhos/Engenharia de Testes de Software/AT/EX3/demo/target/surefire/surefirebooter-20251217203316535_3.jar /home/intra/Documents/Trabalhos/Engenharia de Testes de Software/AT/EX3/demo/target/surefire 2025-12-17T20-33-16_504-jvmRun1 surefire-20251217203316535_1tmp surefire_0-20251217203316535_2tmp"/>
    <property name="jdk.debug" value="release"/>
    <property name="surefire.test.class.path" value="/home/intra/Documents/Trabalhos/Engenharia de Testes de Software/AT/EX3/demo/target/test-classes:/home/intra/Documents/Trabalhos/Engenharia de Testes de Software/AT/EX3/demo/target/classes:/home/intra/.m2/repository/org/junit/jupiter/junit-jupiter/5.10.1/junit-jupiter-5.10.1.jar:/home/intra/.m2/repository/org/junit/jupiter/junit-jupiter-api/5.10.1/junit-jupiter-api-5.10.1.jar:/home/intra/.m2/repository/org/opentest4j/opentest4j/1.3.0/opentest4j-1.3.0.jar:/home/intra/.m2/repository/org/junit/platform/junit-platform-commons/1.10.1/junit-platform-commons-1.10.1.jar:/home/intra/.m2/repository/org/junit/jupiter/junit-jupiter-params/5.10.1/junit-jupiter-params-5.10.1.jar:/home/intra/.m2/repository/org/junit/jupiter/junit-jupiter-engine/5.10.1/junit-jupiter-engine-5.10.1.jar:/home/intra/.m2/repository/org/junit/platform/junit-platform-engine/1.10.1/junit-platform-engine-1.10.1.jar:/home/intra/.m2/repository/net/jqwik/jqwik/1.8.4/jqwik-1.8.4.jar:/home/intra/.m2/repository/org/apiguardian/apiguardian-api/1.1.2/apiguardian-api-1.1.2.jar:/home/intra/.m2/repository/net/jqwik/jqwik-api/1.8.4/jqwik-api-1.8.4.jar:/home/intra/.m2/repository/net/jqwik/jqwik-web/1.8.4/jqwik-web-1.8.4.jar:/home/intra/.m2/repository/net/jqwik/jqwik-time/1.8.4/jqwik-time-1.8.4.jar:/home/intra/.m2/repository/net/jqwik/jqwik-engine/1.8.4/jqwik-engine-1.8.4.jar:/home/intra/.m2/repository/io/rest-assured/rest-assured/5.4.0/rest-assured-5.4.0.jar:/home/intra/.m2/repository/org/apache/groovy/groovy/4.0.16/groovy-4.0.16.jar:/home/intra/.m2/repository/org/apache/groovy/groovy-xml/4.0.16/groovy-xml-4.0.16.jar:/home/intra/.m2/repository/org/apache/httpcomponents/httpclient/4.5.13/httpclient-4.5.13.jar:/home/intra/.m2/repository/org/apache/httpcomponents/httpcore/4.4.13/httpcore-4.4.13.jar:/home/intra/.m2/repository/commons-logging/commons-logging/1.2/commons-logging-1.2.jar:/home/intra/.m2/repository/commons-codec/commons-codec/1.11/commons-codec-1.11.jar:/home/intra/.m2/repository/org/apache/httpcomponents/httpmime/4.5.13/httpmime-4.5.13.jar:/home/intra/.m2/repository/org/ccil/cowan/tagsoup/tagsoup/1.2.1/tagsoup-1.2.1.jar:/home/intra/.m2/repository/io/rest-assured/json-path/5.4.0/json-path-5.4.0.jar:/home/intra/.m2/repository/org/apache/groovy/groovy-json/4.0.16/groovy-json-4.0.16.jar:/home/intra/.m2/repository/io/rest-assured/rest-assured-common/5.4.0/rest-assured-common-5.4.0.jar:/home/intra/.m2/repository/io/rest-assured/xml-path/5.4.0/xml-path-5.4.0.jar:/home/intra/.m2/repository/org/apache/commons/commons-lang3/3.11/commons-lang3-3.11.jar:/home/intra/.m2/repository/org/hamcrest/hamcrest/2.2/hamcrest-2.2.jar:"/>
    <property name="sun.cpu.endian" value="little"/>
    <property name="user.home" value="/home/intra"/>
    <property name="user.language" value="en"/>
    <property name="java.specification.vendor" value="Oracle Corporation"/>
    <property name="java.version.date" value="2025-10-21"/>
    <property name="java.home" value="/usr/lib/jvm/java-21-openjdk"/>
    <property name="file.separator" value="/"/>
    <property name="basedir" value="/home/intra/Documents/Trabalhos/Engenharia de Testes de Software/AT/EX3/demo"/>
    <property name="java.vm.compressedOopsMode" value="Zero based"/>
    <property name="line.separator" value="&#10;"/>
    <property name="java.specification.name" value="Java Platform API Specification"/>
    <property name="java.vm.specification.vendor" value="Oracle Corporation"/>
    <property name="surefire.real.class.path" value="/home/intra/Documents/Trabalhos/Engenharia de Testes de Software/AT/EX3/demo/target/surefire/surefirebooter-20251217203316535_3.jar"/>
    <property name="sun.management.compiler" value="HotSpot 64-Bit Tiered Compilers"/>
    <property name="java.runtime.version" value="21.0.9+10"/>
    <property name="user.name" value="intra"/>
    <property name="stdout.encoding" value="UTF-8"/>
    <property name="path.separator" value=":"/>
    <property name="os.version" value="6.12.59-1-lts"/>
    <property name="java.runtime.name" value="OpenJDK Runtime Environment"/>
    <property name="file.encoding" value="UTF-8"/>
    <property name="java.vm.name" value="OpenJDK 64-Bit Server VM"/>
    <property name="localRepository" value="/home/intra/.m2/repository"/>
    <property name="java.vendor.url.bug" value="https://bugreport.java.com/bugreport/"/>
    <property name="java.io.tmpdir" value="/tmp"/>
    <property name="java.version" value="21.0.9"/>
    <property name="user.dir" value="/home/intra/Documents/Trabalhos/Engenharia de Testes de Software/AT/EX3/demo"/>
    <property name="os.arch" value="amd64"/>
    <property name="java.vm.specification.name" value="Java Virtual Machine Specification"/>
    <property name="native.encoding" value="UTF-8"/>
    <property name="java.library.path" value="/usr/java/packages/lib:/usr/lib64:/lib64:/lib:/usr/lib"/>
    <property name="java.vm.info" value="mixed mode, sharing"/>
    <property name="stderr.encoding" value="UTF-8"/>
    <property name="java.vendor" value="Arch Linux"/>
    <property name="java.vm.version" value="21.0.9+10"/>
    <property name="sun.io.unicode.encoding" value="UnicodeLittle"/>
    <property name="java.class.version" value="65.0"/>
  </properties>
  <testcase name="cepMuitoCurtoDeveRetornarErro" classname="com.example.ViaCepTest" time="0.73"/>
  <testcase name="cepComLetrasDeveRetornarErro" classname="com.example.ViaCepTest" time="0.336"/>
  <testcase name="logradouroMuitoLongoDeveRetornarErro" classname="com.example.ViaCepTest" time="0.478">
    <failure message="1 expectation failed.&#10;Expected status code (is &lt;400&gt; or is &lt;404&gt;) but was &lt;200&gt;.&#10;" type="java.lang.AssertionError"><![CDATA[java.lang.AssertionError: 
1 expectation failed.
Expected status code (is <400> or is <404>) but was <200>.

	at java.base/jdk.internal.reflect.DirectConstructorHandleAccessor.newInstance(DirectConstructorHandleAccessor.java:62)
	at java.base/java.lang.reflect.Constructor.newInstanceWithCaller(Constructor.java:502)
	at java.base/java.lang.reflect.Constructor.newInstance(Constructor.java:486)
	at org.codehaus.groovy.reflection.CachedConstructor.invoke(CachedConstructor.java:73)
	at org.codehaus.groovy.runtime.callsite.ConstructorSite$ConstructorSiteNoUnwrapNoCoerce.callConstructor(ConstructorSite.java:108)
	at org.codehaus.groovy.runtime.callsite.CallSiteArray.defaultCallConstructor(CallSiteArray.java:57)
	at org.codehaus.groovy.runtime.callsite.AbstractCallSite.callConstructor(AbstractCallSite.java:263)
	at org.codehaus.groovy.runtime.callsite.AbstractCallSite.callConstructor(AbstractCallSite.java:277)
	at io.restassured.internal.ResponseSpecificationImpl$HamcrestAssertionClosure.validate(ResponseSpecificationImpl.groovy:512)
	at io.restassured.internal.ResponseSpecificationImpl$HamcrestAssertionClosure$validate$1.call(Unknown Source)
	at io.restassured.internal.ResponseSpecificationImpl.validateResponseIfRequired(ResponseSpecificationImpl.groovy:696)
	at io.restassured.internal.ResponseSpecificationImpl.this$2$validateResponseIfRequired(ResponseSpecificationImpl.groovy)
	at java.base/jdk.internal.reflect.DirectMethodHandleAccessor.invoke(DirectMethodHandleAccessor.java:103)
	at java.base/java.lang.reflect.Method.invoke(Method.java:580)
	at org.codehaus.groovy.runtime.callsite.PlainObjectMetaMethodSite.doInvoke(PlainObjectMetaMethodSite.java:43)
	at org.codehaus.groovy.runtime.callsite.PogoMetaMethodSite$PogoCachedMethodSiteNoUnwrapNoCoerce.invoke(PogoMetaMethodSite.java:198)
	at org.codehaus.groovy.runtime.callsite.PogoMetaMethodSite.callCurrent(PogoMetaMethodSite.java:62)
	at org.codehaus.groovy.runtime.callsite.AbstractCallSite.callCurrent(AbstractCallSite.java:185)
	at io.restassured.internal.ResponseSpecificationImpl.statusCode(ResponseSpecificationImpl.groovy:135)
	at io.restassured.internal.ValidatableResponseOptionsImpl.statusCode(ValidatableResponseOptionsImpl.java:84)
	at com.example.ViaCepTest.logradouroMuitoLongoDeveRetornarErro(ViaCepTest.java:123)
	at java.base/java.lang.reflect.Method.invoke(Method.java:580)
	at java.base/java.util.ArrayList.forEach(ArrayList.java:1596)
	at java.base/java.util.ArrayList.forEach(ArrayList.java:1596)
]]></failure>
  </testcase>
  <testcase name="ufComUmCaractereDeveRetornarErro" classname="com.example.ViaCepTest" time="0.367"/>
  <testcase name="ufInvalidaDeveRetornarErro" classname="com.example.ViaCepTest" time="0.368"/>
  <testcase name="logradouroInexistenteDeveRetornarListaVazia" classname="com.example.ViaCepTest" time="0.604"/>
  <testcase name="consultaPorEnderecoValidoDeveRetornarLista" classname="com.example.ViaCepTest" time="0.499"/>
  <testcase name="logradouroVazioDeveRetornarErro" classname="com.example.ViaCepTest" time="0.347"/>
  <testcase name="cepMuitoLongoDeveRetornarErro" classname="com.example.ViaCepTest" time="0.381"/>
  <testcase name="ufComTresCaracteresDeveRetornarErro" classname="com.example.ViaCepTest" time="0.374"/>
</testsuite>