<?xml version="1.0" encoding="UTF-8"?>
<testsuite xmlns:xsi="http://www.w3.org/2001/XMLSchema-instance" xsi:noNamespaceSchemaLocation="https://maven.apache.org/surefire/maven-surefire-plugin/xsd/surefire-test-report-3.0.xsd" version="3.0" name="com.example.ViaCepTest" time="4.607" tests="10" errors="0" skipped="0" failures="1">
  <properties>
[...]
</properties>
  <testcase name="cepMuitoCurtoDeveRetornarErro" classname="com.example.ViaCepTest" time="0.73"/>
  <testcase name="cepComLetrasDeveRetornarErro" classname="com.example.ViaCepTest" time="0.336"/>
  <testcase name="logradouroMuitoLongoDeveRetornarErro" classname="com.example.ViaCepTest" time="0.478">
    <failure message="1 expectation failed.&#10;Expected status code (is &lt;400&gt; or is &lt;404&gt;) but was &lt;200&gt;.&#10;" type="java.lang.AssertionError"><![CDATA[java.lang.AssertionError: 
1 expectation failed.
Expected status code (is <400> or is <404>) but was <200>.

	at java.base/jdk.internal.reflect.DirectConstructorHandleAccessor.newInstance(DirectConstructorHandleAccessor.java:62)
	at java.base/java.lang.reflect.Constructor.newInstanceWithCaller(Constructor.java:502)
	at java.base/java.lang.reflect.Constructor.newInstance(Constructor.java:486)
	at org.codehaus.groovy.reflection.CachedConstructor.invoke(CachedConstructor.java:73)
	at org.codehaus.groovy.runtime.callsite.ConstructorSite$ConstructorSiteNoUnwrapNoCoerce.callConstructor(ConstructorSite.java:108)
	at org.codehaus.groovy.runtime.callsite.CallSiteArray.defaultCallConstructor(CallSiteArray.java:57)
	at org.codehaus.groovy.runtime.callsite.AbstractCallSite.callConstructor(AbstractCallSite.java:263)
	at org.codehaus.groovy.runtime.callsite.AbstractCallSite.callConstructor(AbstractCallSite.java:277)
	at io.restassured.internal.ResponseSpecificationImpl$HamcrestAssertionClosure.validate(ResponseSpecificationImpl.groovy:512)
	at io.restassured.internal.ResponseSpecificationImpl$HamcrestAssertionClosure$validate$1.call(Unknown Source)
	at io.restassured.internal.ResponseSpecificationImpl.validateResponseIfRequired(ResponseSpecificationImpl.groovy:696)
	at io.restassured.internal.ResponseSpecificationImpl.this$2$validateResponseIfRequired(ResponseSpecificationImpl.groovy)
	at java.base/jdk.internal.reflect.DirectMethodHandleAccessor.invoke(DirectMethodHandleAccessor.java:103)
	at java.base/java.lang.reflect.Method.invoke(Method.java:580)
	at org.codehaus.groovy.runtime.callsite.PlainObjectMetaMethodSite.doInvoke(PlainObjectMetaMethodSite.java:43)
	at org.codehaus.groovy.runtime.callsite.PogoMetaMethodSite$PogoCachedMethodSiteNoUnwrapNoCoerce.invoke(PogoMetaMethodSite.java:198)
	at org.codehaus.groovy.runtime.callsite.PogoMetaMethodSite.callCurrent(PogoMetaMethodSite.java:62)
	at org.codehaus.groovy.runtime.callsite.AbstractCallSite.callCurrent(AbstractCallSite.java:185)
	at io.restassured.internal.ResponseSpecificationImpl.statusCode(ResponseSpecificationImpl.groovy:135)
	at io.restassured.internal.ValidatableResponseOptionsImpl.statusCode(ValidatableResponseOptionsImpl.java:84)
	at com.example.ViaCepTest.logradouroMuitoLongoDeveRetornarErro(ViaCepTest.java:123)
	at java.base/java.lang.reflect.Method.invoke(Method.java:580)
	at java.base/java.util.ArrayList.forEach(ArrayList.java:1596)
	at java.base/java.util.ArrayList.forEach(ArrayList.java:1596)
]]></failure>
  </testcase>
  <testcase name="ufComUmCaractereDeveRetornarErro" classname="com.example.ViaCepTest" time="0.367"/>
  <testcase name="ufInvalidaDeveRetornarErro" classname="com.example.ViaCepTest" time="0.368"/>
  <testcase name="logradouroInexistenteDeveRetornarListaVazia" classname="com.example.ViaCepTest" time="0.604"/>
  <testcase name="consultaPorEnderecoValidoDeveRetornarLista" classname="com.example.ViaCepTest" time="0.499"/>
  <testcase name="logradouroVazioDeveRetornarErro" classname="com.example.ViaCepTest" time="0.347"/>
  <testcase name="cepMuitoLongoDeveRetornarErro" classname="com.example.ViaCepTest" time="0.381"/>
  <testcase name="ufComTresCaracteresDeveRetornarErro" classname="com.example.ViaCepTest" time="0.374"/>
</testsuite>